2025-10-17 17:15:29,159 : INFO  : main :  : NodeLogger :  :  : #########################################################################################
2025-10-17 17:15:29,160 : INFO  : main :  : NodeLogger :  :  : #                                                                                       #
2025-10-17 17:15:29,160 : INFO  : main :  : NodeLogger :  :  : # Welcome to KNIME Analytics Platform v5.7.0.v202509011500 (Build September 09, 2025)   #
2025-10-17 17:15:29,160 : INFO  : main :  : NodeLogger :  :  : # Based on Eclipse, http://www.eclipse.org                                              #
2025-10-17 17:15:29,160 : INFO  : main :  : NodeLogger :  :  : #                                                                                       #
2025-10-17 17:15:29,160 : INFO  : main :  : NodeLogger :  :  : #########################################################################################
2025-10-17 17:15:29,160 : INFO  : main :  : NodeLogger :  :  : #                                                                                       #
2025-10-17 17:15:29,160 : INFO  : main :  : NodeLogger :  :  : # Copyright by KNIME AG, Zurich, Switzerland and others.                                #
2025-10-17 17:15:29,161 : INFO  : main :  : NodeLogger :  :  : # Website: http://www.knime.com                                                         #
2025-10-17 17:15:29,161 : INFO  : main :  : NodeLogger :  :  : # E-mail: contact@knime.com                                                             #
2025-10-17 17:15:29,161 : INFO  : main :  : NodeLogger :  :  : #                                                                                       #
2025-10-17 17:15:29,161 : INFO  : main :  : NodeLogger :  :  : #########################################################################################
2025-10-17 17:15:29,161 : INFO  : main :  : NodeLogger :  :  : # For more details see the KNIME log file:                                              #
2025-10-17 17:15:29,161 : INFO  : main :  : NodeLogger :  :  : # C:\IPCA\ISI25_TP01_27975_27966\27966 - Knime\data\.metadata\knime\knime.log
2025-10-17 17:15:29,161 : INFO  : main :  : NodeLogger :  :  : #---------------------------------------------------------------------------------------#
2025-10-17 17:15:29,221 : INFO  : main :  : NodeLogger :  :  : # logging date=sexta out. 17 17:15:29 WEST 2025
2025-10-17 17:15:29,221 : INFO  : main :  : NodeLogger :  :  : # java.version=17.0.5
2025-10-17 17:15:29,221 : INFO  : main :  : NodeLogger :  :  : # java.vm.version=17.0.5+8
2025-10-17 17:15:29,221 : INFO  : main :  : NodeLogger :  :  : # java.vendor=Eclipse Adoptium
2025-10-17 17:15:29,221 : INFO  : main :  : NodeLogger :  :  : # os.name=Windows 11
2025-10-17 17:15:29,221 : INFO  : main :  : NodeLogger :  :  : # os.arch=amd64
2025-10-17 17:15:29,222 : INFO  : main :  : NodeLogger :  :  : # number of CPUs=12
2025-10-17 17:15:29,222 : INFO  : main :  : NodeLogger :  :  : # assertions=off
2025-10-17 17:15:29,227 : INFO  : main :  : NodeLogger :  :  : # host=PC-Paulo
2025-10-17 17:15:29,231 : INFO  : main :  : NodeLogger :  :  : # username=paulo
2025-10-17 17:15:29,231 : INFO  : main :  : NodeLogger :  :  : # max mem=8152MB
2025-10-17 17:15:29,231 : INFO  : main :  : NodeLogger :  :  : # application=org.knime.product.KNIME_APPLICATION
2025-10-17 17:15:29,253 : INFO  : main :  : NodeLogger :  :  : # KNID=11-aa629f8df31acaec-01-e01d4cc53620b40e
2025-10-17 17:15:29,253 : INFO  : main :  : NodeLogger :  :  : #########################################################################################
2025-10-17 17:15:29,254 : DEBUG : main :  : KNIMELogger :  :  : 12 messages were logged before logging was initialized; see below...
2025-10-17 17:15:20,509 : DEBUG : main :  : EclipseProxyServiceInitializer :  :  : (1/3) Opened OSGi service tracker for 'org.eclipse.core.net.proxy.IProxyService'
2025-10-17 17:15:20,603 : DEBUG : main :  : ApplicationHealth :  :  : Registering JMX bean for org.knime.core:type=Execution,name=GlobalPool
2025-10-17 17:15:20,605 : DEBUG : main :  : ApplicationHealth :  :  : Registering JMX bean for org.knime.core:type=Execution,name=NodeStates
2025-10-17 17:15:20,605 : DEBUG : main :  : ApplicationHealth :  :  : Registering JMX bean for org.knime.core:type=Memory,name=ObjectInstances
2025-10-17 17:15:20,616 : DEBUG : main :  : IEarlyStartup :  :  : Running application "org.knime.product.KNIME_APPLICATION"
2025-10-17 17:15:20,616 : DEBUG : main :  : IEarlyStartup :  :  : Moving from stage <none> to stage EARLIEST
2025-10-17 17:15:20,618 : DEBUG : main :  : IEarlyStartup :  :  : Executing startup hook `org.knime.core.node.logging.JavaUtilLoggingAdapter#run()` at stage EARLIEST
2025-10-17 17:15:20,622 : DEBUG : main :  : IEarlyStartup :  :  : Executing startup hook `org.knime.js.cef.CEFEarlyStartup#run()` at stage EARLIEST
2025-10-17 17:15:21,151 : DEBUG : main :  : KNIMEApplication :  :  : Checking for instance location
2025-10-17 17:15:28,740 : DEBUG : main :  : KNIMEApplication :  :  : Instance location set
2025-10-17 17:15:28,834 : DEBUG : main :  : IEarlyStartup :  :  : Moving from stage EARLIEST to stage AFTER_PROFILES_SET
2025-10-17 17:15:28,834 : DEBUG : main :  : IEarlyStartup :  :  : Executing startup hook `org.knime.core.node.logging.KNIMELogger$EarlyStartupInitializer#run()` at stage AFTER_PROFILES_SET
2025-10-17 17:15:29,254 : DEBUG : main :  : KNIMELogger :  :  : End of buffered log messages
2025-10-17 17:15:29,255 : DEBUG : main :  : IEarlyStartup :  :  : Executing startup hook `org.knime.core.eclipseUtil.EclipseProxyServiceInitializer#run()` at stage AFTER_PROFILES_SET
2025-10-17 17:15:30,721 : DEBUG : main :  : NativeProxyProviderWrapper :  :  : Invoked default constructor in class "class org.eclipse.core.internal.net.ProxyManager" via reflectionto forcibly create new instance
2025-10-17 17:15:30,722 : DEBUG : main :  : NativeProxyProviderWrapper :  :  : Forcibly set field "preferenceManager" in class "class org.eclipse.core.internal.net.ProxyManager" to "org.eclipse.core.internal.net.PreferenceManager@6e95973c" via reflection
2025-10-17 17:15:30,726 : DEBUG : main :  : NativeProxyProviderWrapper :  :  : Forcibly set field "nativeProxyProvider" in class "class org.eclipse.core.internal.net.ProxyManager" to "org.knime.core.eclipseUtil.NativeProxyProviderWrapper@70c29356" via reflection
2025-10-17 17:15:30,726 : DEBUG : main :  : EclipseProxyServiceInitializer :  :  : (3/3) Successfully installed proxy support
2025-10-17 17:15:30,726 : DEBUG : main :  : EclipseProxyServiceInitializer :  :  : (2/3) Initialized OSGi service 'org.eclipse.core.net.proxy.IProxyService'
2025-10-17 17:15:30,726 : DEBUG : main :  : IEarlyStartup :  :  : Executing startup hook `org.knime.core.internal.MountTableInitializerEarlyStartup#run()` at stage AFTER_PROFILES_SET
2025-10-17 17:15:31,140 : DEBUG : main :  : WorkbenchMountTable :  :  : Mounted Explorer Temp Space 'knime-temp-space' - com.knime.explorer.tempspace
2025-10-17 17:15:31,154 : DEBUG : main :  : IEarlyStartup :  :  : Executing startup hook `org.knime.ui.java.OnEarlyStartup#run()` at stage AFTER_PROFILES_SET
2025-10-17 17:15:31,186 : DEBUG : KNIME-Worker-0 :  : NodeFactoryProvider :  :  : Duplicate node factory id: org.knime.base.node.preproc.filter.column.FilterColumnNodeFactory
2025-10-17 17:15:31,186 : DEBUG : KNIME-Worker-0 :  : NodeFactoryProvider :  :  : Duplicate node factory id: org.knime.base.node.preproc.joiner.NewJoinerNodeFactory
2025-10-17 17:15:31,186 : DEBUG : KNIME-Worker-0 :  : NodeFactoryProvider :  :  : Duplicate node factory id: org.knime.base.node.preproc.split.SplitNodeFactory
2025-10-17 17:15:31,197 : DEBUG : KNIME-Worker-0 :  : NodeFactoryProvider :  :  : Duplicate node factory id: org.knime.base.filehandling.filemetainfo.FileMetaInfoNodeFactory
2025-10-17 17:15:31,197 : DEBUG : KNIME-Worker-0 :  : NodeFactoryProvider :  :  : Duplicate node factory id: org.knime.distmatrix.knn.KnnDistNodeFactory
2025-10-17 17:15:31,202 : DEBUG : KNIME-Worker-0 :  : NodeFactoryProvider :  :  : Collected NodeFactory extensions... found 1007 nodes (337 deprecated, 20 hidden) in 0,0s
2025-10-17 17:15:31,507 : DEBUG : KNIME-Worker-0 :  : NodeFactoryProvider :  :  : Collected NodeSetFactory extensions... found 3 node sets with 25 nodes in 0,3s
2025-10-17 17:15:31,665 : DEBUG : Node Repository Initializer :  : NodeSpecCache :  :  : Computing node specifications for KNIME Core API
2025-10-17 17:15:32,253 : DEBUG : Node Repository Initializer :  : NodeSpecCache :  :  : Computing node specifications for KNIME Distance Matrix Extension
2025-10-17 17:15:32,280 : DEBUG : Node Repository Initializer :  : DistanceMeasureRepository :  :  : added factory: 'org.knime.base.node.mine.treeensemble2.distance.RandomForestDistanceFactory'
2025-10-17 17:15:32,284 : DEBUG : Node Repository Initializer :  : DistanceMeasureRepository :  :  : added factory: 'org.knime.distmatrix.calculate.measure.MatrixDistanceFactory'
2025-10-17 17:15:32,284 : DEBUG : Node Repository Initializer :  : DistanceMeasureRepository :  :  : added factory: 'org.knime.base.distance.measure.OldDistanceWrapperDistanceFactory'
2025-10-17 17:15:32,286 : DEBUG : Node Repository Initializer :  : DistanceMeasureRepository :  :  : added factory: 'org.knime.distance.measure.string.levenshtein.LevenshteinDistanceFactory'
2025-10-17 17:15:32,287 : DEBUG : Node Repository Initializer :  : DistanceMeasureRepository :  :  : added factory: 'org.knime.distance.measure.string.tversky.TverskyDistanceFactory'
2025-10-17 17:15:32,288 : DEBUG : Node Repository Initializer :  : DistanceMeasureRepository :  :  : added factory: 'org.knime.distance.measure.bitvector.cosine.CosineDistanceFactory'
2025-10-17 17:15:32,290 : DEBUG : Node Repository Initializer :  : DistanceMeasureRepository :  :  : added factory: 'org.knime.distance.measure.bitvector.tversky.TverskyDistanceFactory'
2025-10-17 17:15:32,292 : DEBUG : Node Repository Initializer :  : DistanceMeasureRepository :  :  : added factory: 'org.knime.base.distance.bytevector.CosineDistanceMeasureFactory'
2025-10-17 17:15:32,292 : DEBUG : Node Repository Initializer :  : DistanceMeasureRepository :  :  : added factory: 'org.knime.base.distance.bytevector.EuclideanDistanceMeasureFactory'
2025-10-17 17:15:32,293 : DEBUG : Node Repository Initializer :  : DistanceMeasureRepository :  :  : added factory: 'org.knime.base.distance.bytevector.ManhattanDistanceMeasureFactory'
2025-10-17 17:15:32,293 : DEBUG : Node Repository Initializer :  : DistanceMeasureRepository :  :  : added factory: 'org.knime.base.distance.bytevector.PNormDistanceMeasureFactory'
2025-10-17 17:15:32,294 : DEBUG : Node Repository Initializer :  : DistanceMeasureRepository :  :  : added factory: 'org.knime.distance.measure.numerical.lnorm.LNormDistanceFactory'
2025-10-17 17:15:32,295 : DEBUG : Node Repository Initializer :  : DistanceMeasureRepository :  :  : added factory: 'org.knime.distance.measure.numerical.cosine.CosineDistanceFactory'
2025-10-17 17:15:32,296 : DEBUG : Node Repository Initializer :  : DistanceMeasureRepository :  :  : added factory: 'org.knime.distance.measure.jsnippet.JSnippetDistanceFactory'
2025-10-17 17:15:32,296 : DEBUG : Node Repository Initializer :  : DistanceMeasureRepository :  :  : added factory: 'org.knime.distance.measure.jsnippet.aggregated.AggregatedDistanceFactory'
2025-10-17 17:15:32,298 : DEBUG : Node Repository Initializer :  : DistanceMeasureRepository :  :  : added factory: 'org.knime.distance.measure.mahalanobis.MahalanobisDistanceFactory'
2025-10-17 17:15:32,298 : DEBUG : Node Repository Initializer :  : DistanceMeasureRepository :  :  : added factory: 'org.knime.distance.measure.string.jarowinkler.JaroWinklerDistanceFactory'
2025-10-17 17:15:32,382 : DEBUG : Node Repository Initializer :  : DistanceMeasureDescriptionFactory :  :  : Loading description for factory: class org.knime.distance.measure.string.jarowinkler.JaroWinklerDistanceFactory
2025-10-17 17:15:32,397 : DEBUG : Node Repository Initializer :  : DistanceMeasureDescriptionFactory :  :  : Loading description for factory: class org.knime.distance.measure.string.jarowinkler.JaroWinklerDistanceFactory
2025-10-17 17:15:32,398 : DEBUG : Node Repository Initializer :  : DistanceMeasureDescriptionFactory :  :  : Loading description for factory: class org.knime.distance.measure.string.jarowinkler.JaroWinklerDistanceFactory
2025-10-17 17:15:32,400 : DEBUG : Node Repository Initializer :  : DistanceMeasureDescriptionFactory :  :  : Loading description for factory: class org.knime.distance.measure.string.jarowinkler.JaroWinklerDistanceFactory
2025-10-17 17:15:32,402 : DEBUG : Node Repository Initializer :  : DistanceMeasureDescriptionFactory :  :  : Loading description for factory: class org.knime.distance.measure.string.tversky.TverskyDistanceFactory
2025-10-17 17:15:32,403 : DEBUG : Node Repository Initializer :  : DistanceMeasureDescriptionFactory :  :  : Loading description for factory: class org.knime.distance.measure.string.tversky.TverskyDistanceFactory
2025-10-17 17:15:32,404 : DEBUG : Node Repository Initializer :  : DistanceMeasureDescriptionFactory :  :  : Loading description for factory: class org.knime.distance.measure.string.tversky.TverskyDistanceFactory
2025-10-17 17:15:32,405 : DEBUG : Node Repository Initializer :  : DistanceMeasureDescriptionFactory :  :  : Loading description for factory: class org.knime.distance.measure.string.tversky.TverskyDistanceFactory
2025-10-17 17:15:32,405 : DEBUG : Node Repository Initializer :  : DistanceMeasureDescriptionFactory :  :  : Loading description for factory: class org.knime.distance.measure.string.levenshtein.LevenshteinDistanceFactory
2025-10-17 17:15:32,406 : DEBUG : Node Repository Initializer :  : DistanceMeasureDescriptionFactory :  :  : Loading description for factory: class org.knime.distance.measure.string.levenshtein.LevenshteinDistanceFactory
2025-10-17 17:15:32,407 : DEBUG : Node Repository Initializer :  : DistanceMeasureDescriptionFactory :  :  : Loading description for factory: class org.knime.distance.measure.string.levenshtein.LevenshteinDistanceFactory
2025-10-17 17:15:32,408 : DEBUG : Node Repository Initializer :  : DistanceMeasureDescriptionFactory :  :  : Loading description for factory: class org.knime.distance.measure.string.levenshtein.LevenshteinDistanceFactory
2025-10-17 17:15:32,428 : DEBUG : Node Repository Initializer :  : DistanceMeasureDescriptionFactory :  :  : Loading description for factory: class org.knime.distance.measure.numerical.lnorm.LNormDistanceFactory
2025-10-17 17:15:32,431 : DEBUG : Node Repository Initializer :  : DistanceMeasureDescriptionFactory :  :  : Loading description for factory: class org.knime.distance.measure.numerical.lnorm.LNormDistanceFactory
2025-10-17 17:15:32,432 : DEBUG : Node Repository Initializer :  : DistanceMeasureDescriptionFactory :  :  : Loading description for factory: class org.knime.distance.measure.numerical.lnorm.LNormDistanceFactory
2025-10-17 17:15:32,433 : DEBUG : Node Repository Initializer :  : DistanceMeasureDescriptionFactory :  :  : Loading description for factory: class org.knime.distance.measure.numerical.lnorm.LNormDistanceFactory
2025-10-17 17:15:32,434 : DEBUG : Node Repository Initializer :  : DistanceMeasureDescriptionFactory :  :  : Loading description for factory: class org.knime.distance.measure.numerical.cosine.CosineDistanceFactory
2025-10-17 17:15:32,435 : DEBUG : Node Repository Initializer :  : DistanceMeasureDescriptionFactory :  :  : Loading description for factory: class org.knime.distance.measure.numerical.cosine.CosineDistanceFactory
2025-10-17 17:15:32,436 : DEBUG : Node Repository Initializer :  : DistanceMeasureDescriptionFactory :  :  : Loading description for factory: class org.knime.distance.measure.numerical.cosine.CosineDistanceFactory
2025-10-17 17:15:32,437 : DEBUG : Node Repository Initializer :  : DistanceMeasureDescriptionFactory :  :  : Loading description for factory: class org.knime.distance.measure.numerical.cosine.CosineDistanceFactory
2025-10-17 17:15:32,533 : DEBUG : Node Repository Initializer :  : DistanceMeasureDescriptionFactory :  :  : Loading description for factory: class org.knime.base.distance.bytevector.EuclideanDistanceMeasureFactory
2025-10-17 17:15:32,534 : DEBUG : Node Repository Initializer :  : DistanceMeasureDescriptionFactory :  :  : Loading description for factory: class org.knime.base.distance.bytevector.EuclideanDistanceMeasureFactory
2025-10-17 17:15:32,535 : DEBUG : Node Repository Initializer :  : DistanceMeasureDescriptionFactory :  :  : Loading description for factory: class org.knime.base.distance.bytevector.EuclideanDistanceMeasureFactory
2025-10-17 17:15:32,535 : DEBUG : Node Repository Initializer :  : DistanceMeasureDescriptionFactory :  :  : Loading description for factory: class org.knime.base.distance.bytevector.EuclideanDistanceMeasureFactory
2025-10-17 17:15:32,537 : DEBUG : Node Repository Initializer :  : DistanceMeasureDescriptionFactory :  :  : Loading description for factory: class org.knime.base.distance.bytevector.CosineDistanceMeasureFactory
2025-10-17 17:15:32,537 : DEBUG : Node Repository Initializer :  : DistanceMeasureDescriptionFactory :  :  : Loading description for factory: class org.knime.base.distance.bytevector.CosineDistanceMeasureFactory
2025-10-17 17:15:32,538 : DEBUG : Node Repository Initializer :  : DistanceMeasureDescriptionFactory :  :  : Loading description for factory: class org.knime.base.distance.bytevector.CosineDistanceMeasureFactory
2025-10-17 17:15:32,538 : DEBUG : Node Repository Initializer :  : DistanceMeasureDescriptionFactory :  :  : Loading description for factory: class org.knime.base.distance.bytevector.CosineDistanceMeasureFactory
2025-10-17 17:15:32,540 : DEBUG : Node Repository Initializer :  : DistanceMeasureDescriptionFactory :  :  : Loading description for factory: class org.knime.base.distance.bytevector.PNormDistanceMeasureFactory
2025-10-17 17:15:32,541 : DEBUG : Node Repository Initializer :  : DistanceMeasureDescriptionFactory :  :  : Loading description for factory: class org.knime.base.distance.bytevector.PNormDistanceMeasureFactory
2025-10-17 17:15:32,542 : DEBUG : Node Repository Initializer :  : DistanceMeasureDescriptionFactory :  :  : Loading description for factory: class org.knime.base.distance.bytevector.PNormDistanceMeasureFactory
2025-10-17 17:15:32,542 : DEBUG : Node Repository Initializer :  : DistanceMeasureDescriptionFactory :  :  : Loading description for factory: class org.knime.base.distance.bytevector.PNormDistanceMeasureFactory
2025-10-17 17:15:32,543 : DEBUG : Node Repository Initializer :  : DistanceMeasureDescriptionFactory :  :  : Loading description for factory: class org.knime.base.distance.bytevector.ManhattanDistanceMeasureFactory
2025-10-17 17:15:32,544 : DEBUG : Node Repository Initializer :  : DistanceMeasureDescriptionFactory :  :  : Loading description for factory: class org.knime.base.distance.bytevector.ManhattanDistanceMeasureFactory
2025-10-17 17:15:32,544 : DEBUG : Node Repository Initializer :  : DistanceMeasureDescriptionFactory :  :  : Loading description for factory: class org.knime.base.distance.bytevector.ManhattanDistanceMeasureFactory
2025-10-17 17:15:32,545 : DEBUG : Node Repository Initializer :  : DistanceMeasureDescriptionFactory :  :  : Loading description for factory: class org.knime.base.distance.bytevector.ManhattanDistanceMeasureFactory
2025-10-17 17:15:32,655 : DEBUG : Node Repository Initializer :  : HiLiteHandler :  :  : Adding hilite translator to handler 7736b3bf-b1c8-4171-93a4-95f6e147eab5
2025-10-17 17:15:32,663 : DEBUG : Node Repository Initializer :  : DistanceMeasureDescriptionFactory :  :  : Loading description for factory: class org.knime.distance.measure.bitvector.tversky.TverskyDistanceFactory
2025-10-17 17:15:32,682 : DEBUG : Node Repository Initializer :  : DistanceMeasureDescriptionFactory :  :  : Loading description for factory: class org.knime.distance.measure.bitvector.tversky.TverskyDistanceFactory
2025-10-17 17:15:32,683 : DEBUG : Node Repository Initializer :  : DistanceMeasureDescriptionFactory :  :  : Loading description for factory: class org.knime.distance.measure.bitvector.tversky.TverskyDistanceFactory
2025-10-17 17:15:32,685 : DEBUG : Node Repository Initializer :  : DistanceMeasureDescriptionFactory :  :  : Loading description for factory: class org.knime.distance.measure.bitvector.tversky.TverskyDistanceFactory
2025-10-17 17:15:32,687 : DEBUG : Node Repository Initializer :  : DistanceMeasureDescriptionFactory :  :  : Loading description for factory: class org.knime.distance.measure.bitvector.cosine.CosineDistanceFactory
2025-10-17 17:15:32,688 : DEBUG : Node Repository Initializer :  : DistanceMeasureDescriptionFactory :  :  : Loading description for factory: class org.knime.distance.measure.bitvector.cosine.CosineDistanceFactory
2025-10-17 17:15:32,690 : DEBUG : Node Repository Initializer :  : DistanceMeasureDescriptionFactory :  :  : Loading description for factory: class org.knime.distance.measure.bitvector.cosine.CosineDistanceFactory
2025-10-17 17:15:32,692 : DEBUG : Node Repository Initializer :  : DistanceMeasureDescriptionFactory :  :  : Loading description for factory: class org.knime.distance.measure.bitvector.cosine.CosineDistanceFactory
2025-10-17 17:15:32,842 : DEBUG : Node Repository Initializer :  : HiLiteHandler :  :  : Adding hilite translator to handler 3e45a9da-5edd-4cce-a420-46e9e4db7bab
2025-10-17 17:15:32,855 : DEBUG : Node Repository Initializer :  : HiLiteHandler :  :  : Adding hilite translator to handler a0328e6a-cfa9-4fa3-be2a-1b6ead0d1f7f
2025-10-17 17:15:32,865 : DEBUG : Node Repository Initializer :  : NodeSpecCache :  :  : Computing node specifications for KNIME Quick Forms
2025-10-17 17:15:34,616 : INFO  : main :  : StringHistory :  :  : History file 'C:\IPCA\ISI25_TP01_27975_27966\27966 - Knime\data\.metadata\knime\history_database_drivers.txt' does not exist.
2025-10-17 17:15:34,616 : INFO  : main :  : StringHistory :  :  : History file 'C:\IPCA\ISI25_TP01_27975_27966\27966 - Knime\data\.metadata\knime\history_database_urls.txt' does not exist.
2025-10-17 17:15:34,616 : DEBUG : main :  : DatabaseConnectionSettings :  :  : Settings database timeout to 15 seconds
2025-10-17 17:15:34,617 : DEBUG : main :  : DatabaseConnectionSettings :  :  : Database concurrency (sync via database connection) is true.
2025-10-17 17:15:34,617 : DEBUG : main :  : KNIMECorePlugin :  :  : Setting KNIME max thread count to 24
2025-10-17 17:15:34,617 : DEBUG : main :  : KNIMECorePlugin :  :  : Setting KNIME temp dir to "C:\Users\paulo\AppData\Local\Temp"
2025-10-17 17:16:39,484 : WARN  : ModalContext :  : Node : SQLite Connector : 3:62:41 : DB Connection no longer available. Go to advanced settings to enable connection restoration.
2025-10-17 17:47:17,528 : WARN  : Thread-118644 :  : KnimeBrowserView :  :  : An iframe which has both allow-scripts and allow-same-origin for its sandbox attribute can escape its sandboxing. (source: https://org.knime.core.ui.view/uiext-view/org.knime.base.views.node.piechart.PieChartNodeFactory/PieChart.html; line: 0)
2025-10-17 17:54:41,317 : WARN  : Thread-198309 :  : KnimeBrowserView :  :  : An iframe which has both allow-scripts and allow-same-origin for its sandbox attribute can escape its sandboxing. (source: https://org.knime.core.ui.view/uiext-view/org.knime.base.views.node.piechart.PieChartNodeFactory/PieChart.html; line: 0)
